<?xml version="1.0" encoding="UTF-8"?>
<!-- Generated by org.testng.reporters.JUnitReportReporter -->
<testsuite hostname="DESKTOP-JTDFH88" failures="0" tests="3" name="testing.TestClass1" time="20.245" errors="0" timestamp="2024-03-24T20:25:08 IST" skipped="0">
  <testcase classname="testing.TestClass1" name="Test1" time="9.435"/>
  <system-out/>
  <testcase classname="testing.TestClass1" name="Test2" time="5.837"/>
  <system-out/>
  <testcase classname="testing.TestClass1" name="Test3" time="4.973"/>
  <system-out/>
</testsuite> <!-- testing.TestClass1 -->
