<?xml version="1.0" encoding="UTF-8"?>
<!-- Generated by org.testng.reporters.JUnitReportReporter -->
<testsuite hostname="DESKTOP-JTDFH88" failures="0" tests="3" name="testing.TestClass1" time="27.399" errors="0" timestamp="2024-03-25T14:33:39 IST" skipped="0">
  <testcase classname="testing.TestClass1" name="Test1" time="5.309"/>
  <system-out/>
  <testcase classname="testing.TestClass1" name="Test3" time="14.820"/>
  <system-out/>
  <testcase classname="testing.TestClass1" name="Test2" time="7.270"/>
  <system-out/>
</testsuite> <!-- testing.TestClass1 -->
