<?xml version="1.0" encoding="UTF-8"?>
<!-- Generated by org.testng.reporters.JUnitReportReporter -->
<testsuite hostname="DESKTOP-JTDFH88" failures="0" tests="3" name="testing.TestClass1" time="16.945" errors="0" timestamp="2024-03-25T14:37:31 IST" skipped="0">
  <testcase classname="testing.TestClass1" name="Test2" time="8.574"/>
  <testcase classname="testing.TestClass1" name="Test1" time="4.180"/>
  <testcase classname="testing.TestClass1" name="Test3" time="4.191"/>
</testsuite> <!-- testing.TestClass1 -->
