<?xml version="1.0" encoding="UTF-8"?>
<!-- Generated by org.testng.reporters.JUnitReportReporter -->
<testsuite hostname="DESKTOP-JTDFH88" failures="0" tests="3" name="testing.TestClass1" time="21.776" errors="0" timestamp="2024-03-25T15:02:38 IST" skipped="0">
  <testcase classname="testing.TestClass1" name="Test2" time="10.640"/>
  <testcase classname="testing.TestClass1" name="Test1" time="5.402"/>
  <testcase classname="testing.TestClass1" name="Test3" time="5.734"/>
</testsuite> <!-- testing.TestClass1 -->
