<?xml version="1.0" encoding="UTF-8"?>
<!-- Generated by org.testng.reporters.JUnitReportReporter -->
<testsuite hostname="DESKTOP-JTDFH88" failures="0" tests="3" name="testing.TestClass1" time="21.915" errors="0" timestamp="2024-03-24T20:26:34 IST" skipped="0">
  <testcase classname="testing.TestClass1" name="Test2" time="10.818"/>
  <testcase classname="testing.TestClass1" name="Test1" time="4.419"/>
  <testcase classname="testing.TestClass1" name="Test3" time="6.678"/>
</testsuite> <!-- testing.TestClass1 -->
